Analysis & Synthesis report for FinalProject
Sun Dec 01 21:56:41 2019
Quartus Prime Version 18.0.0 Build 614 04/24/2018 SJ Lite Edition


---------------------
; Table of Contents ;
---------------------
  1. Legal Notice
  2. Analysis & Synthesis Summary
  3. Analysis & Synthesis Settings
  4. Parallel Compilation
  5. Analysis & Synthesis Source Files Read
  6. Analysis & Synthesis Resource Usage Summary
  7. Analysis & Synthesis Resource Utilization by Entity
  8. Registers Removed During Synthesis
  9. Removed Registers Triggering Further Register Optimizations
 10. General Register Statistics
 11. Parameter Settings for User Entity Instance: add_sub:comb_5
 12. Parameter Settings for User Entity Instance: add_sub:comb_5|adder:comb_3
 13. Parameter Settings for User Entity Instance: add_sub:comb_5|substractor:comb_4
 14. Port Connectivity Checks: "sevenseg:comb_7"
 15. Port Connectivity Checks: "mux2:comb_6"
 16. Port Connectivity Checks: "add_sub:comb_5"
 17. Port Connectivity Checks: "NesReader:comb_3"
 18. Post-Synthesis Netlist Statistics for Top Partition
 19. Elapsed Time Per Partition
 20. Analysis & Synthesis Messages



----------------
; Legal Notice ;
----------------
Copyright (C) 2018  Intel Corporation. All rights reserved.
Your use of Intel Corporation's design tools, logic functions 
and other software and tools, and its AMPP partner logic 
functions, and any output files from any of the foregoing 
(including device programming or simulation files), and any 
associated documentation or information are expressly subject 
to the terms and conditions of the Intel Program License 
Subscription Agreement, the Intel Quartus Prime License Agreement,
the Intel FPGA IP License Agreement, or other applicable license
agreement, including, without limitation, that your use is for
the sole purpose of programming logic devices manufactured by
Intel and sold by Intel or its authorized distributors.  Please
refer to the applicable agreement for further details.



+----------------------------------------------------------------------------------+
; Analysis & Synthesis Summary                                                     ;
+------------------------------------+---------------------------------------------+
; Analysis & Synthesis Status        ; Successful - Sun Dec 01 21:56:41 2019       ;
; Quartus Prime Version              ; 18.0.0 Build 614 04/24/2018 SJ Lite Edition ;
; Revision Name                      ; FinalProject                                ;
; Top-level Entity Name              ; FinalProject                                ;
; Family                             ; MAX 10                                      ;
; Total logic elements               ; 0                                           ;
;     Total combinational functions  ; 0                                           ;
;     Dedicated logic registers      ; 0                                           ;
; Total registers                    ; 0                                           ;
; Total pins                         ; 14                                          ;
; Total virtual pins                 ; 0                                           ;
; Total memory bits                  ; 0                                           ;
; Embedded Multiplier 9-bit elements ; 0                                           ;
; Total PLLs                         ; 0                                           ;
; UFM blocks                         ; 0                                           ;
; ADC blocks                         ; 0                                           ;
+------------------------------------+---------------------------------------------+


+------------------------------------------------------------------------------------------------------------+
; Analysis & Synthesis Settings                                                                              ;
+------------------------------------------------------------------+--------------------+--------------------+
; Option                                                           ; Setting            ; Default Value      ;
+------------------------------------------------------------------+--------------------+--------------------+
; Device                                                           ; 10M50DAF484C7G     ;                    ;
; Top-level entity name                                            ; FinalProject       ; FinalProject       ;
; Family name                                                      ; MAX 10             ; Cyclone V          ;
; Use smart compilation                                            ; Off                ; Off                ;
; Enable parallel Assembler and Timing Analyzer during compilation ; On                 ; On                 ;
; Enable compact report table                                      ; Off                ; Off                ;
; Restructure Multiplexers                                         ; Auto               ; Auto               ;
; Create Debugging Nodes for IP Cores                              ; Off                ; Off                ;
; Preserve fewer node names                                        ; On                 ; On                 ;
; Intel FPGA IP Evaluation Mode                                    ; Enable             ; Enable             ;
; Verilog Version                                                  ; Verilog_2001       ; Verilog_2001       ;
; VHDL Version                                                     ; VHDL_1993          ; VHDL_1993          ;
; State Machine Processing                                         ; Auto               ; Auto               ;
; Safe State Machine                                               ; Off                ; Off                ;
; Extract Verilog State Machines                                   ; On                 ; On                 ;
; Extract VHDL State Machines                                      ; On                 ; On                 ;
; Ignore Verilog initial constructs                                ; Off                ; Off                ;
; Iteration limit for constant Verilog loops                       ; 5000               ; 5000               ;
; Iteration limit for non-constant Verilog loops                   ; 250                ; 250                ;
; Add Pass-Through Logic to Inferred RAMs                          ; On                 ; On                 ;
; Infer RAMs from Raw Logic                                        ; On                 ; On                 ;
; Parallel Synthesis                                               ; On                 ; On                 ;
; DSP Block Balancing                                              ; Auto               ; Auto               ;
; NOT Gate Push-Back                                               ; On                 ; On                 ;
; Power-Up Don't Care                                              ; On                 ; On                 ;
; Remove Redundant Logic Cells                                     ; Off                ; Off                ;
; Remove Duplicate Registers                                       ; On                 ; On                 ;
; Ignore CARRY Buffers                                             ; Off                ; Off                ;
; Ignore CASCADE Buffers                                           ; Off                ; Off                ;
; Ignore GLOBAL Buffers                                            ; Off                ; Off                ;
; Ignore ROW GLOBAL Buffers                                        ; Off                ; Off                ;
; Ignore LCELL Buffers                                             ; Off                ; Off                ;
; Ignore SOFT Buffers                                              ; On                 ; On                 ;
; Limit AHDL Integers to 32 Bits                                   ; Off                ; Off                ;
; Optimization Technique                                           ; Balanced           ; Balanced           ;
; Carry Chain Length                                               ; 70                 ; 70                 ;
; Auto Carry Chains                                                ; On                 ; On                 ;
; Auto Open-Drain Pins                                             ; On                 ; On                 ;
; Perform WYSIWYG Primitive Resynthesis                            ; Off                ; Off                ;
; Auto ROM Replacement                                             ; On                 ; On                 ;
; Auto RAM Replacement                                             ; On                 ; On                 ;
; Auto DSP Block Replacement                                       ; On                 ; On                 ;
; Auto Shift Register Replacement                                  ; Auto               ; Auto               ;
; Allow Shift Register Merging across Hierarchies                  ; Auto               ; Auto               ;
; Auto Clock Enable Replacement                                    ; On                 ; On                 ;
; Strict RAM Replacement                                           ; Off                ; Off                ;
; Allow Synchronous Control Signals                                ; On                 ; On                 ;
; Force Use of Synchronous Clear Signals                           ; Off                ; Off                ;
; Auto RAM Block Balancing                                         ; On                 ; On                 ;
; Auto RAM to Logic Cell Conversion                                ; Off                ; Off                ;
; Auto Resource Sharing                                            ; Off                ; Off                ;
; Allow Any RAM Size For Recognition                               ; Off                ; Off                ;
; Allow Any ROM Size For Recognition                               ; Off                ; Off                ;
; Allow Any Shift Register Size For Recognition                    ; Off                ; Off                ;
; Use LogicLock Constraints during Resource Balancing              ; On                 ; On                 ;
; Ignore translate_off and synthesis_off directives                ; Off                ; Off                ;
; Timing-Driven Synthesis                                          ; On                 ; On                 ;
; Report Parameter Settings                                        ; On                 ; On                 ;
; Report Source Assignments                                        ; On                 ; On                 ;
; Report Connectivity Checks                                       ; On                 ; On                 ;
; Ignore Maximum Fan-Out Assignments                               ; Off                ; Off                ;
; Synchronization Register Chain Length                            ; 2                  ; 2                  ;
; Power Optimization During Synthesis                              ; Normal compilation ; Normal compilation ;
; HDL message level                                                ; Level2             ; Level2             ;
; Suppress Register Optimization Related Messages                  ; Off                ; Off                ;
; Number of Removed Registers Reported in Synthesis Report         ; 5000               ; 5000               ;
; Number of Swept Nodes Reported in Synthesis Report               ; 5000               ; 5000               ;
; Number of Inverted Registers Reported in Synthesis Report        ; 100                ; 100                ;
; Clock MUX Protection                                             ; On                 ; On                 ;
; Auto Gated Clock Conversion                                      ; Off                ; Off                ;
; Block Design Naming                                              ; Auto               ; Auto               ;
; SDC constraint protection                                        ; Off                ; Off                ;
; Synthesis Effort                                                 ; Auto               ; Auto               ;
; Shift Register Replacement - Allow Asynchronous Clear Signal     ; On                 ; On                 ;
; Pre-Mapping Resynthesis Optimization                             ; Off                ; Off                ;
; Analysis & Synthesis Message Level                               ; Medium             ; Medium             ;
; Disable Register Merging Across Hierarchies                      ; Auto               ; Auto               ;
; Resource Aware Inference For Block RAM                           ; On                 ; On                 ;
+------------------------------------------------------------------+--------------------+--------------------+


+------------------------------------------+
; Parallel Compilation                     ;
+----------------------------+-------------+
; Processors                 ; Number      ;
+----------------------------+-------------+
; Number detected on machine ; 8           ;
; Maximum allowed            ; 4           ;
;                            ;             ;
; Average used               ; 1.00        ;
; Maximum used               ; 1           ;
;                            ;             ;
; Usage by Processor         ; % Time Used ;
;     Processor 1            ; 100.0%      ;
+----------------------------+-------------+


+----------------------------------------------------------------------------------------------------------------------------------------------------+
; Analysis & Synthesis Source Files Read                                                                                                             ;
+----------------------------------+-----------------+------------------------------+------------------------------------------------------+---------+
; File Name with User-Entered Path ; Used in Netlist ; File Type                    ; File Name with Absolute Path                         ; Library ;
+----------------------------------+-----------------+------------------------------+------------------------------------------------------+---------+
; FinalProject.sv                  ; yes             ; User SystemVerilog HDL File  ; C:/Users/Khang/Desktop/Final Project/FinalProject.sv ;         ;
; adder.sv                         ; yes             ; User SystemVerilog HDL File  ; C:/Users/Khang/Desktop/Final Project/adder.sv        ;         ;
; substractor.sv                   ; yes             ; User SystemVerilog HDL File  ; C:/Users/Khang/Desktop/Final Project/substractor.sv  ;         ;
; sevenseg.sv                      ; yes             ; User SystemVerilog HDL File  ; C:/Users/Khang/Desktop/Final Project/sevenseg.sv     ;         ;
; mux2.sv                          ; yes             ; User SystemVerilog HDL File  ; C:/Users/Khang/Desktop/Final Project/mux2.sv         ;         ;
; add_sub.sv                       ; yes             ; User SystemVerilog HDL File  ; C:/Users/Khang/Desktop/Final Project/add_sub.sv      ;         ;
; NesReader.sv                     ; yes             ; User SystemVerilog HDL File  ; C:/Users/Khang/Desktop/Final Project/NesReader.sv    ;         ;
; NesDecoder.sv                    ; yes             ; User SystemVerilog HDL File  ; C:/Users/Khang/Desktop/Final Project/NesDecoder.sv   ;         ;
+----------------------------------+-----------------+------------------------------+------------------------------------------------------+---------+


+-----------------------------------------------------+
; Analysis & Synthesis Resource Usage Summary         ;
+---------------------------------------------+-------+
; Resource                                    ; Usage ;
+---------------------------------------------+-------+
;                                             ;       ;
; Total combinational functions               ; 0     ;
; Logic element usage by number of LUT inputs ;       ;
;     -- 4 input functions                    ; 0     ;
;     -- 3 input functions                    ; 0     ;
;     -- <=2 input functions                  ; 0     ;
;                                             ;       ;
; Logic elements by mode                      ;       ;
;     -- normal mode                          ; 0     ;
;     -- arithmetic mode                      ; 0     ;
;                                             ;       ;
; Total registers                             ; 0     ;
;     -- Dedicated logic registers            ; 0     ;
;     -- I/O registers                        ; 0     ;
;                                             ;       ;
; I/O pins                                    ; 14    ;
;                                             ;       ;
; Embedded Multiplier 9-bit elements          ; 0     ;
;                                             ;       ;
; Maximum fan-out node                        ; clk   ;
; Maximum fan-out                             ; 1     ;
; Total fan-out                               ; 14    ;
; Average fan-out                             ; 0.50  ;
+---------------------------------------------+-------+


+-------------------------------------------------------------------------------------------------------------------------------------------------------------------------------------------------------------------------------------+
; Analysis & Synthesis Resource Utilization by Entity                                                                                                                                                                                 ;
+----------------------------+---------------------+---------------------------+-------------+------------+--------------+---------+-----------+------+--------------+------------+---------------------+--------------+--------------+
; Compilation Hierarchy Node ; Combinational ALUTs ; Dedicated Logic Registers ; Memory Bits ; UFM Blocks ; DSP Elements ; DSP 9x9 ; DSP 18x18 ; Pins ; Virtual Pins ; ADC blocks ; Full Hierarchy Name ; Entity Name  ; Library Name ;
+----------------------------+---------------------+---------------------------+-------------+------------+--------------+---------+-----------+------+--------------+------------+---------------------+--------------+--------------+
; |FinalProject              ; 0 (0)               ; 0 (0)                     ; 0           ; 0          ; 0            ; 0       ; 0         ; 14   ; 0            ; 0          ; |FinalProject       ; FinalProject ; work         ;
+----------------------------+---------------------+---------------------------+-------------+------------+--------------+---------+-----------+------+--------------+------------+---------------------+--------------+--------------+
Note: For table entries with two numbers listed, the numbers in parentheses indicate the number of resources of the given type used by the specific entity alone. The numbers listed outside of parentheses indicate the total resources of the given type used by the specific entity and all of its sub-entities in the hierarchy.


+---------------------------------------------------------------------------------------+
; Registers Removed During Synthesis                                                    ;
+------------------------------------------------------------------+--------------------+
; Register name                                                    ; Reason for Removal ;
+------------------------------------------------------------------+--------------------+
; NesReader:comb_3|NesDataReceiverDecoder:matt_i4|readButtons[5,7] ; Lost fanout        ;
; NesReader:comb_3|Counter4:matt_i1|count[0..3]                    ; Lost fanout        ;
; Total Number of Removed Registers = 6                            ;                    ;
+------------------------------------------------------------------+--------------------+


+-----------------------------------------------------------------------------------------------------------------------------------+
; Removed Registers Triggering Further Register Optimizations                                                                       ;
+----------------------------------------------------------------+--------------------+---------------------------------------------+
; Register name                                                  ; Reason for Removal ; Registers Removed due to This Register      ;
+----------------------------------------------------------------+--------------------+---------------------------------------------+
; NesReader:comb_3|NesDataReceiverDecoder:matt_i4|readButtons[7] ; Lost Fanouts       ; NesReader:comb_3|Counter4:matt_i1|count[0], ;
;                                                                ;                    ; NesReader:comb_3|Counter4:matt_i1|count[3], ;
;                                                                ;                    ; NesReader:comb_3|Counter4:matt_i1|count[2], ;
;                                                                ;                    ; NesReader:comb_3|Counter4:matt_i1|count[1]  ;
+----------------------------------------------------------------+--------------------+---------------------------------------------+


+------------------------------------------------------+
; General Register Statistics                          ;
+----------------------------------------------+-------+
; Statistic                                    ; Value ;
+----------------------------------------------+-------+
; Total registers                              ; 0     ;
; Number of registers using Synchronous Clear  ; 0     ;
; Number of registers using Synchronous Load   ; 0     ;
; Number of registers using Asynchronous Clear ; 0     ;
; Number of registers using Asynchronous Load  ; 0     ;
; Number of registers using Clock Enable       ; 0     ;
; Number of registers using Preset             ; 0     ;
+----------------------------------------------+-------+


+-------------------------------------------------------------+
; Parameter Settings for User Entity Instance: add_sub:comb_5 ;
+----------------+-------+------------------------------------+
; Parameter Name ; Value ; Type                               ;
+----------------+-------+------------------------------------+
; N              ; 4     ; Signed Integer                     ;
+----------------+-------+------------------------------------+
Note: In order to hide this table in the UI and the text report file, please set the "Show Parameter Settings in Synthesis Report" option in "Analysis and Synthesis Settings -> More Settings" to "Off".


+--------------------------------------------------------------------------+
; Parameter Settings for User Entity Instance: add_sub:comb_5|adder:comb_3 ;
+----------------+-------+-------------------------------------------------+
; Parameter Name ; Value ; Type                                            ;
+----------------+-------+-------------------------------------------------+
; N              ; 4     ; Signed Integer                                  ;
+----------------+-------+-------------------------------------------------+
Note: In order to hide this table in the UI and the text report file, please set the "Show Parameter Settings in Synthesis Report" option in "Analysis and Synthesis Settings -> More Settings" to "Off".


+--------------------------------------------------------------------------------+
; Parameter Settings for User Entity Instance: add_sub:comb_5|substractor:comb_4 ;
+----------------+-------+-------------------------------------------------------+
; Parameter Name ; Value ; Type                                                  ;
+----------------+-------+-------------------------------------------------------+
; N              ; 4     ; Signed Integer                                        ;
+----------------+-------+-------------------------------------------------------+
Note: In order to hide this table in the UI and the text report file, please set the "Show Parameter Settings in Synthesis Report" option in "Analysis and Synthesis Settings -> More Settings" to "Off".


+------------------------------------------------------------------------------------------------------------------------------------------------------------------------------------------------------------+
; Port Connectivity Checks: "sevenseg:comb_7"                                                                                                                                                                ;
+------+-------+----------+----------------------------------------------------------------------------------------------------------------------------------------------------------------------------------+
; Port ; Type  ; Severity ; Details                                                                                                                                                                          ;
+------+-------+----------+----------------------------------------------------------------------------------------------------------------------------------------------------------------------------------+
; data ; Input ; Warning  ; Input port expression (5 bits) is wider than the input port (4 bits) it drives.  The 1 most-significant bit(s) in the expression will be dangling if they have no other fanouts. ;
+------+-------+----------+----------------------------------------------------------------------------------------------------------------------------------------------------------------------------------+


+-------------------------------------------------------------------------------------------------------------------------------------------------------------------------------------------------------------+
; Port Connectivity Checks: "mux2:comb_6"                                                                                                                                                                     ;
+------+--------+----------+----------------------------------------------------------------------------------------------------------------------------------------------------------------------------------+
; Port ; Type   ; Severity ; Details                                                                                                                                                                          ;
+------+--------+----------+----------------------------------------------------------------------------------------------------------------------------------------------------------------------------------+
; d0   ; Input  ; Warning  ; Input port expression (5 bits) is wider than the input port (4 bits) it drives.  The 1 most-significant bit(s) in the expression will be dangling if they have no other fanouts. ;
; d1   ; Input  ; Warning  ; Input port expression (5 bits) is wider than the input port (4 bits) it drives.  The 1 most-significant bit(s) in the expression will be dangling if they have no other fanouts. ;
; y    ; Output ; Warning  ; Output or bidir port (4 bits) is smaller than the port expression (5 bits) it drives.  The 1 most-significant bit(s) in the port expression will be connected to GND.            ;
+------+--------+----------+----------------------------------------------------------------------------------------------------------------------------------------------------------------------------------+


+-------------------------------------------------------------------------------------------------------------------------------------------------------------------------------------------------------------+
; Port Connectivity Checks: "add_sub:comb_5"                                                                                                                                                                  ;
+------+--------+----------+----------------------------------------------------------------------------------------------------------------------------------------------------------------------------------+
; Port ; Type   ; Severity ; Details                                                                                                                                                                          ;
+------+--------+----------+----------------------------------------------------------------------------------------------------------------------------------------------------------------------------------+
; a    ; Input  ; Warning  ; Input port expression (5 bits) is wider than the input port (4 bits) it drives.  The 1 most-significant bit(s) in the expression will be dangling if they have no other fanouts. ;
; b    ; Input  ; Warning  ; Input port expression (5 bits) is wider than the input port (4 bits) it drives.  The 1 most-significant bit(s) in the expression will be dangling if they have no other fanouts. ;
; s    ; Output ; Warning  ; Output or bidir port (4 bits) is smaller than the port expression (5 bits) it drives.  The 1 most-significant bit(s) in the port expression will be connected to GND.            ;
; y    ; Output ; Warning  ; Output or bidir port (4 bits) is smaller than the port expression (5 bits) it drives.  The 1 most-significant bit(s) in the port expression will be connected to GND.            ;
; cout ; Output ; Info     ; Connected to dangling logic. Logic that only feeds a dangling port will be removed.                                                                                              ;
+------+--------+----------+----------------------------------------------------------------------------------------------------------------------------------------------------------------------------------+


+--------------------------------------------------------------------------------------------------------------------------------------+
; Port Connectivity Checks: "NesReader:comb_3"                                                                                         ;
+-------+--------+----------+----------------------------------------------------------------------------------------------------------+
; Port  ; Type   ; Severity ; Details                                                                                                  ;
+-------+--------+----------+----------------------------------------------------------------------------------------------------------+
; up    ; Output ; Info     ; Connected to dangling logic. Logic that only feeds a dangling port will be removed.                      ;
; down  ; Output ; Info     ; Connected to dangling logic. Logic that only feeds a dangling port will be removed.                      ;
; left  ; Output ; Info     ; Connected to dangling logic. Logic that only feeds a dangling port will be removed.                      ;
; right ; Output ; Info     ; Connected to dangling logic. Logic that only feeds a dangling port will be removed.                      ;
; start ; Output ; Info     ; Connected to dangling logic. Logic that only feeds a dangling port will be removed.                      ;
; b     ; Output ; Warning  ; Declared by entity but not connected by instance. Logic that only feeds a dangling port will be removed. ;
+-------+--------+----------+----------------------------------------------------------------------------------------------------------+


+-----------------------------------------------------+
; Post-Synthesis Netlist Statistics for Top Partition ;
+-----------------------+-----------------------------+
; Type                  ; Count                       ;
+-----------------------+-----------------------------+
; boundary_port         ; 14                          ;
; cycloneiii_lcell_comb ; 2                           ;
;     normal            ; 2                           ;
;         0 data inputs ; 2                           ;
;                       ;                             ;
; Max LUT depth         ; 0.00                        ;
; Average LUT depth     ; 0.00                        ;
+-----------------------+-----------------------------+


+-------------------------------+
; Elapsed Time Per Partition    ;
+----------------+--------------+
; Partition Name ; Elapsed Time ;
+----------------+--------------+
; Top            ; 00:00:00     ;
+----------------+--------------+


+-------------------------------+
; Analysis & Synthesis Messages ;
+-------------------------------+
Info: *******************************************************************
Info: Running Quartus Prime Analysis & Synthesis
    Info: Version 18.0.0 Build 614 04/24/2018 SJ Lite Edition
    Info: Processing started: Sun Dec 01 21:56:23 2019
Info: Command: quartus_map --read_settings_files=on --write_settings_files=off FinalProject -c FinalProject
Warning (18236): Number of processors has not been specified which may cause overloading on shared machines.  Set the global assignment NUM_PARALLEL_PROCESSORS in your QSF to an appropriate value for best performance.
Info (20030): Parallel compilation is enabled and will use 4 of the 4 processors detected
Info (12021): Found 0 design units, including 0 entities, in source file modules.sv
Info (12021): Found 1 design units, including 1 entities, in source file shiftreg.sv
    Info (12023): Found entity 1: shiftreg File: C:/Users/Khang/Desktop/Final Project/shiftreg.sv Line: 1
Info (12021): Found 1 design units, including 1 entities, in source file finalproject.sv
    Info (12023): Found entity 1: FinalProject File: C:/Users/Khang/Desktop/Final Project/FinalProject.sv Line: 3
Info (12021): Found 1 design units, including 1 entities, in source file adder.sv
    Info (12023): Found entity 1: adder File: C:/Users/Khang/Desktop/Final Project/adder.sv Line: 3
Info (12021): Found 1 design units, including 1 entities, in source file substractor.sv
    Info (12023): Found entity 1: substractor File: C:/Users/Khang/Desktop/Final Project/substractor.sv Line: 3
Info (12021): Found 1 design units, including 1 entities, in source file sevenseg.sv
    Info (12023): Found entity 1: sevenseg File: C:/Users/Khang/Desktop/Final Project/sevenseg.sv Line: 3
Info (12021): Found 1 design units, including 1 entities, in source file mux2.sv
    Info (12023): Found entity 1: mux2 File: C:/Users/Khang/Desktop/Final Project/mux2.sv Line: 4
Info (12021): Found 1 design units, including 1 entities, in source file add_sub.sv
    Info (12023): Found entity 1: add_sub File: C:/Users/Khang/Desktop/Final Project/add_sub.sv Line: 3
Info (12021): Found 1 design units, including 1 entities, in source file keyboard_decoder.sv
    Info (12023): Found entity 1: keyboard_decoder File: C:/Users/Khang/Desktop/Final Project/keyboard_decoder.sv Line: 1
Info (12021): Found 5 design units, including 5 entities, in source file nesreader.sv
    Info (12023): Found entity 1: NesReader File: C:/Users/Khang/Desktop/Final Project/NesReader.sv Line: 21
    Info (12023): Found entity 2: Counter4 File: C:/Users/Khang/Desktop/Final Project/NesReader.sv Line: 63
    Info (12023): Found entity 3: NesLatchStateDecoder File: C:/Users/Khang/Desktop/Final Project/NesReader.sv Line: 73
    Info (12023): Found entity 4: NesClockStateDecoder File: C:/Users/Khang/Desktop/Final Project/NesReader.sv Line: 85
    Info (12023): Found entity 5: NesDataReceiverDecoder File: C:/Users/Khang/Desktop/Final Project/NesReader.sv Line: 103
Info (12021): Found 1 design units, including 1 entities, in source file witchcraft.sv
    Info (12023): Found entity 1: witchcraft File: C:/Users/Khang/Desktop/Final Project/witchcraft.sv Line: 1
Info (12021): Found 1 design units, including 1 entities, in source file comparator.sv
    Info (12023): Found entity 1: comparator File: C:/Users/Khang/Desktop/Final Project/comparator.sv Line: 3
Info (12021): Found 1 design units, including 1 entities, in source file nesdecoder.sv
    Info (12023): Found entity 1: NesDecoder File: C:/Users/Khang/Desktop/Final Project/NesDecoder.sv Line: 3
Critical Warning (10846): Verilog HDL Instantiation warning at FinalProject.sv(14): instance has no name File: C:/Users/Khang/Desktop/Final Project/FinalProject.sv Line: 14
Critical Warning (10846): Verilog HDL Instantiation warning at FinalProject.sv(16): instance has no name File: C:/Users/Khang/Desktop/Final Project/FinalProject.sv Line: 16
Critical Warning (10846): Verilog HDL Instantiation warning at add_sub.sv(9): instance has no name File: C:/Users/Khang/Desktop/Final Project/add_sub.sv Line: 9
Critical Warning (10846): Verilog HDL Instantiation warning at add_sub.sv(10): instance has no name File: C:/Users/Khang/Desktop/Final Project/add_sub.sv Line: 10
Critical Warning (10846): Verilog HDL Instantiation warning at FinalProject.sv(21): instance has no name File: C:/Users/Khang/Desktop/Final Project/FinalProject.sv Line: 21
Critical Warning (10846): Verilog HDL Instantiation warning at FinalProject.sv(25): instance has no name File: C:/Users/Khang/Desktop/Final Project/FinalProject.sv Line: 25
Critical Warning (10846): Verilog HDL Instantiation warning at FinalProject.sv(31): instance has no name File: C:/Users/Khang/Desktop/Final Project/FinalProject.sv Line: 31
Info (12127): Elaborating entity "FinalProject" for the top level hierarchy
Warning (10034): Output port "led" at FinalProject.sv(4) has no driver File: C:/Users/Khang/Desktop/Final Project/FinalProject.sv Line: 4
Warning (10034): Output port "motor" at FinalProject.sv(4) has no driver File: C:/Users/Khang/Desktop/Final Project/FinalProject.sv Line: 4
Info (12128): Elaborating entity "NesReader" for hierarchy "NesReader:comb_3" File: C:/Users/Khang/Desktop/Final Project/FinalProject.sv Line: 14
Info (12128): Elaborating entity "Counter4" for hierarchy "NesReader:comb_3|Counter4:matt_i1" File: C:/Users/Khang/Desktop/Final Project/NesReader.sv Line: 42
Warning (10230): Verilog HDL assignment warning at NesReader.sv(69): truncated value with size 32 to match size of target (4) File: C:/Users/Khang/Desktop/Final Project/NesReader.sv Line: 69
Info (12128): Elaborating entity "NesClockStateDecoder" for hierarchy "NesReader:comb_3|NesClockStateDecoder:matt_i2" File: C:/Users/Khang/Desktop/Final Project/NesReader.sv Line: 47
Info (12128): Elaborating entity "NesLatchStateDecoder" for hierarchy "NesReader:comb_3|NesLatchStateDecoder:matt_i3" File: C:/Users/Khang/Desktop/Final Project/NesReader.sv Line: 52
Info (12128): Elaborating entity "NesDataReceiverDecoder" for hierarchy "NesReader:comb_3|NesDataReceiverDecoder:matt_i4" File: C:/Users/Khang/Desktop/Final Project/NesReader.sv Line: 59
Info (12128): Elaborating entity "NesDecoder" for hierarchy "NesDecoder:comb_4" File: C:/Users/Khang/Desktop/Final Project/FinalProject.sv Line: 16
Warning (10235): Verilog HDL Always Construct warning at NesDecoder.sv(14): variable "a" is read inside the Always Construct but isn't in the Always Construct's Event Control File: C:/Users/Khang/Desktop/Final Project/NesDecoder.sv Line: 14
Warning (10235): Verilog HDL Always Construct warning at NesDecoder.sv(18): variable "b" is read inside the Always Construct but isn't in the Always Construct's Event Control File: C:/Users/Khang/Desktop/Final Project/NesDecoder.sv Line: 18
Warning (10240): Verilog HDL Always Construct warning at NesDecoder.sv(10): inferring latch(es) for variable "select", which holds its previous value in one or more paths through the always construct File: C:/Users/Khang/Desktop/Final Project/NesDecoder.sv Line: 10
Info (10041): Inferred latch for "select" at NesDecoder.sv(10) File: C:/Users/Khang/Desktop/Final Project/NesDecoder.sv Line: 10
Info (12128): Elaborating entity "add_sub" for hierarchy "add_sub:comb_5" File: C:/Users/Khang/Desktop/Final Project/FinalProject.sv Line: 21
Info (12128): Elaborating entity "adder" for hierarchy "add_sub:comb_5|adder:comb_3" File: C:/Users/Khang/Desktop/Final Project/add_sub.sv Line: 9
Info (12128): Elaborating entity "substractor" for hierarchy "add_sub:comb_5|substractor:comb_4" File: C:/Users/Khang/Desktop/Final Project/add_sub.sv Line: 10
Info (12128): Elaborating entity "mux2" for hierarchy "mux2:comb_6" File: C:/Users/Khang/Desktop/Final Project/FinalProject.sv Line: 25
Info (12128): Elaborating entity "sevenseg" for hierarchy "sevenseg:comb_7" File: C:/Users/Khang/Desktop/Final Project/FinalProject.sv Line: 31
Warning (12011): Net is missing source, defaulting to GND
    Warning (12110): Net "num_out[4]" is missing source, defaulting to GND File: C:/Users/Khang/Desktop/Final Project/FinalProject.sv Line: 7
Warning (12011): Net is missing source, defaulting to GND
    Warning (12110): Net "s[4]" is missing source, defaulting to GND File: C:/Users/Khang/Desktop/Final Project/FinalProject.sv Line: 7
    Warning (12110): Net "y[4]" is missing source, defaulting to GND File: C:/Users/Khang/Desktop/Final Project/FinalProject.sv Line: 7
    Warning (12110): Net "num_out[4]" is missing source, defaulting to GND File: C:/Users/Khang/Desktop/Final Project/FinalProject.sv Line: 7
Warning (12011): Net is missing source, defaulting to GND
    Warning (12110): Net "s[4]" is missing source, defaulting to GND File: C:/Users/Khang/Desktop/Final Project/FinalProject.sv Line: 7
    Warning (12110): Net "y[4]" is missing source, defaulting to GND File: C:/Users/Khang/Desktop/Final Project/FinalProject.sv Line: 7
    Warning (12110): Net "num_out[4]" is missing source, defaulting to GND File: C:/Users/Khang/Desktop/Final Project/FinalProject.sv Line: 7
Warning (12011): Net is missing source, defaulting to GND
    Warning (12110): Net "s[4]" is missing source, defaulting to GND File: C:/Users/Khang/Desktop/Final Project/FinalProject.sv Line: 7
    Warning (12110): Net "y[4]" is missing source, defaulting to GND File: C:/Users/Khang/Desktop/Final Project/FinalProject.sv Line: 7
    Warning (12110): Net "num_out[4]" is missing source, defaulting to GND File: C:/Users/Khang/Desktop/Final Project/FinalProject.sv Line: 7
Warning (12241): 4 hierarchies have connectivity warnings - see the Connectivity Checks report folder
Warning (13024): Output pins are stuck at VCC or GND
    Warning (13410): Pin "led" is stuck at GND File: C:/Users/Khang/Desktop/Final Project/FinalProject.sv Line: 4
    Warning (13410): Pin "motor" is stuck at GND File: C:/Users/Khang/Desktop/Final Project/FinalProject.sv Line: 4
    Warning (13410): Pin "seg[0]" is stuck at GND File: C:/Users/Khang/Desktop/Final Project/FinalProject.sv Line: 5
    Warning (13410): Pin "seg[1]" is stuck at GND File: C:/Users/Khang/Desktop/Final Project/FinalProject.sv Line: 5
    Warning (13410): Pin "seg[2]" is stuck at GND File: C:/Users/Khang/Desktop/Final Project/FinalProject.sv Line: 5
    Warning (13410): Pin "seg[3]" is stuck at GND File: C:/Users/Khang/Desktop/Final Project/FinalProject.sv Line: 5
    Warning (13410): Pin "seg[4]" is stuck at GND File: C:/Users/Khang/Desktop/Final Project/FinalProject.sv Line: 5
    Warning (13410): Pin "seg[5]" is stuck at GND File: C:/Users/Khang/Desktop/Final Project/FinalProject.sv Line: 5
    Warning (13410): Pin "seg[6]" is stuck at VCC File: C:/Users/Khang/Desktop/Final Project/FinalProject.sv Line: 5
Info (17049): 6 registers lost all their fanouts during netlist optimizations.
Info (16010): Generating hard_block partition "hard_block:auto_generated_inst"
    Info (16011): Adding 0 node(s), including 0 DDIO, 0 PLL, 0 transceiver and 0 LCELL
Warning (21074): Design contains 5 input pin(s) that do not drive logic
    Warning (15610): No output dependent on input pin "clk" File: C:/Users/Khang/Desktop/Final Project/FinalProject.sv Line: 3
    Warning (15610): No output dependent on input pin "ltch" File: C:/Users/Khang/Desktop/Final Project/FinalProject.sv Line: 3
    Warning (15610): No output dependent on input pin "data" File: C:/Users/Khang/Desktop/Final Project/FinalProject.sv Line: 3
    Warning (15610): No output dependent on input pin "dataYellow" File: C:/Users/Khang/Desktop/Final Project/FinalProject.sv Line: 3
    Warning (15610): No output dependent on input pin "reset_n" File: C:/Users/Khang/Desktop/Final Project/FinalProject.sv Line: 3
Info (21057): Implemented 14 device resources after synthesis - the final resource count might be different
    Info (21058): Implemented 5 input pins
    Info (21059): Implemented 9 output pins
Info: Quartus Prime Analysis & Synthesis was successful. 0 errors, 45 warnings
    Info: Peak virtual memory: 4742 megabytes
    Info: Processing ended: Sun Dec 01 21:56:41 2019
    Info: Elapsed time: 00:00:18
    Info: Total CPU time (on all processors): 00:00:36


